1653462763488	geckodriver	INFO	Listening on 127.0.0.1:11849
1653462766544	mozrunner::runner	INFO	Running command: "C:\\Program Files\\Firefox Developer Edition\\firefox.exe" "--marionette" "--remote-debugging-port" "11850" "--remote-allow-hosts" "localhost" "-no-remote" "-profile" "C:\\Users\\Chirag\\AppData\\Local\\Temp\\rust_mozprofilegOHXxH"
1653462767131	Marionette	INFO	Marionette enabled
WebDriver BiDi listening on ws://localhost:11850
console.warn: SearchSettings: "get: No settings file exists, new profile?" (new NotFoundError("Could not open the file at C:\\Users\\Chirag\\AppData\\Local\\Temp\\rust_mozprofilegOHXxH\\search.json.mozlz4", (void 0)))
1653462769067	Marionette	INFO	Listening on port 11870
DevTools listening on ws://localhost:11850/devtools/browser/83c11d33-4c7e-40b4-a604-239bf127ff3d
Read port: 11870
1653462769192	RemoteAgent	WARN	TLS certificate errors will be ignored for this session
JavaScript warning: https://www.olx.in/chunks/modern/desktop-FingerPrintWrapper.olx.03d9ec7df88af0bfbb04.js, line 8: WEBGL_debug_renderer_info is deprecated in Firefox and will be removed. Please use RENDERER.
JavaScript warning: https://www.olx.in/chunks/modern/desktop-FingerPrintWrapper.olx.03d9ec7df88af0bfbb04.js, line 8: WebGL context was lost.
JavaScript warning: https://www.olx.in/SQgSXC_Y508uPiqNqKwoHUon/1VYShSLLNa/KyMEeFx7bw/AlF/HY2F8WAw, line 1: WEBGL_debug_renderer_info is deprecated in Firefox and will be removed. Please use RENDERER.
JavaScript warning: https://pagead2.googlesyndication.com/bg/jNIfTJOJYpsZ98Q8qL-tpT3OaJUUMdeIViycWvFIlxs.js line 1 > eval line 2466 > eval line 1 > eval line 1 > eval, line 1: WEBGL_debug_renderer_info is deprecated in Firefox and will be removed. Please use RENDERER.
JavaScript error: , line 0: uncaught exception: 7
JavaScript warning: https://pagead2.googlesyndication.com/bg/jNIfTJOJYpsZ98Q8qL-tpT3OaJUUMdeIViycWvFIlxs.js line 1 > eval line 3679 > eval line 1 > eval line 1 > eval, line 1: WEBGL_debug_renderer_info is deprecated in Firefox and will be removed. Please use RENDERER.
JavaScript error: , line 0: TypeError: NetworkError when attempting to fetch resource.
JavaScript warning: https://pagead2.googlesyndication.com/bg/jNIfTJOJYpsZ98Q8qL-tpT3OaJUUMdeIViycWvFIlxs.js line 1 > eval line 5026 > eval line 1 > eval line 1 > eval, line 1: WEBGL_debug_renderer_info is deprecated in Firefox and will be removed. Please use RENDERER.
JavaScript error: , line 0: TypeError: NetworkError when attempting to fetch resource.
JavaScript error: , line 0: TypeError: NetworkError when attempting to fetch resource.
JavaScript warning: https://pagead2.googlesyndication.com/bg/jNIfTJOJYpsZ98Q8qL-tpT3OaJUUMdeIViycWvFIlxs.js line 1 > eval line 6215 > eval line 1 > eval line 1 > eval, line 1: WEBGL_debug_renderer_info is deprecated in Firefox and will be removed. Please use RENDERER.
JavaScript error: , line 0: TypeError: NetworkError when attempting to fetch resource.
JavaScript error: , line 0: TypeError: NetworkError when attempting to fetch resource.
JavaScript warning: https://pagead2.googlesyndication.com/bg/jNIfTJOJYpsZ98Q8qL-tpT3OaJUUMdeIViycWvFIlxs.js line 1 > eval line 646 > eval line 1 > eval line 1 > eval, line 1: WEBGL_debug_renderer_info is deprecated in Firefox and will be removed. Please use RENDERER.
JavaScript error: , line 0: TypeError: NetworkError when attempting to fetch resource.
JavaScript error: , line 0: TypeError: NetworkError when attempting to fetch resource.
JavaScript error: , line 0: TypeError: NetworkError when attempting to fetch resource.
JavaScript warning: https://pagead2.googlesyndication.com/bg/jNIfTJOJYpsZ98Q8qL-tpT3OaJUUMdeIViycWvFIlxs.js line 1 > eval line 5439 > eval line 1 > eval line 1 > eval, line 1: WEBGL_debug_renderer_info is deprecated in Firefox and will be removed. Please use RENDERER.
JavaScript warning: https://pagead2.googlesyndication.com/bg/jNIfTJOJYpsZ98Q8qL-tpT3OaJUUMdeIViycWvFIlxs.js line 1 > eval line 6775 > eval line 1 > eval line 1 > eval, line 1: WEBGL_debug_renderer_info is deprecated in Firefox and will be removed. Please use RENDERER.
JavaScript warning: https://pagead2.googlesyndication.com/bg/jNIfTJOJYpsZ98Q8qL-tpT3OaJUUMdeIViycWvFIlxs.js line 1 > eval line 7116 > eval line 1 > eval line 1 > eval, line 1: WEBGL_debug_renderer_info is deprecated in Firefox and will be removed. Please use RENDERER.
JavaScript error: , line 0: TypeError: NetworkError when attempting to fetch resource.
1653463361487	Marionette	INFO	Stopped listening on port 11870
JavaScript error: , line 0: TypeError: NetworkError when attempting to fetch resource.
JavaScript error: , line 0: TypeError: NetworkError when attempting to fetch resource.
JavaScript error: , line 0: TypeError: NetworkError when attempting to fetch resource.
console.warn: TopSitesFeed: Failed to fetch data from Contile server: NetworkError when attempting to fetch resource.

###!!! [Parent][PGPUParent] Error: RunMessage(msgname=PGPU::Msg_ShutdownVR) Channel closing: too late to send/recv, messages will be lost

1658734085414	geckodriver	INFO	Listening on 127.0.0.1:7047
1658734088469	mozrunner::runner	INFO	Running command: "C:\\Program Files\\Firefox Developer Edition\\firefox.exe" "--marionette" "--remote-debugging-port" "7048" "--remote-allow-hosts" "localhost" "-no-remote" "-profile" "C:\\Users\\Chirag\\AppData\\Local\\Temp\\rust_mozprofile48nzMQ"
1658734089310	Marionette	INFO	Marionette enabled
1658734089318	Marionette	INFO	Listening on port 7058
WebDriver BiDi listening on ws://localhost:7048
Read port: 7058
1658734089678	RemoteAgent	WARN	TLS certificate errors will be ignored for this session
console.warn: SearchSettings: "get: No settings file exists, new profile?" (new NotFoundError("Could not open the file at C:\\Users\\Chirag\\AppData\\Local\\Temp\\rust_mozprofile48nzMQ\\search.json.mozlz4", (void 0)))
DevTools listening on ws://localhost:7048/devtools/browser/7f51c381-e443-443b-bafb-b0c4751dee79
JavaScript error: resource://gre/modules/URIFixup.jsm, line 278: NS_ERROR_FAILURE: Should pass a non-null uri
JavaScript warning: https://www.olx.in/chunks/modern/desktop-FingerPrintWrapper.olx.1930439098e5292f643e.js, line 8: WEBGL_debug_renderer_info is deprecated in Firefox and will be removed. Please use RENDERER.
JavaScript warning: https://www.olx.in/chunks/modern/desktop-FingerPrintWrapper.olx.1930439098e5292f643e.js, line 8: WebGL context was lost.
JavaScript error: https://www.olx.in/chunks/modern/desktop-vendors~main.olx.4d5711dfb42647b823ea.js, line 19: Error: 3000ms timeout exceeded
1658734106013	Marionette	WARN	TimedPromise timed out after 500 ms: stacktrace:
TimedPromise/<@chrome://remote/content/marionette/sync.js:237:24
TimedPromise@chrome://remote/content/marionette/sync.js:222:10
interaction.flushEventLoop@chrome://remote/content/marionette/interaction.js:431:10
webdriverClickElement@chrome://remote/content/marionette/interaction.js:179:31
JavaScript warning: https://www.olx.in/dng_Hr/3AGAq/2NDYB/qg/9zbOm4rJbE/R0l7YXhJDAQ/EydTAk/1VYjc, line 1: WEBGL_debug_renderer_info is deprecated in Firefox and will be removed. Please use RENDERER.
1658734112994	Marionette	WARN	TimedPromise timed out after 500 ms: stacktrace:
TimedPromise/<@chrome://remote/content/marionette/sync.js:237:24
TimedPromise@chrome://remote/content/marionette/sync.js:222:10
interaction.flushEventLoop@chrome://remote/content/marionette/interaction.js:431:10
webdriverClickElement@chrome://remote/content/marionette/interaction.js:179:31
JavaScript warning: https://pagead2.googlesyndication.com/bg/V6DtokwJh9Fgiqydg7O-dbjnh59Yi9_n4aBMW1s9fk8.js line 2 > eval line 2718 > eval line 1 > eval line 1 > eval, line 1: WEBGL_debug_renderer_info is deprecated in Firefox and will be removed. Please use RENDERER.
JavaScript warning: https://pagead2.googlesyndication.com/bg/V6DtokwJh9Fgiqydg7O-dbjnh59Yi9_n4aBMW1s9fk8.js line 2 > eval line 7134 > eval line 1 > eval line 1 > eval, line 1: WEBGL_debug_renderer_info is deprecated in Firefox and will be removed. Please use RENDERER.
1658734207260	Marionette	INFO	Stopped listening on port 7058
JavaScript error: , line 0: TypeError: NetworkError when attempting to fetch resource.
JavaScript error: , line 0: TypeError: NetworkError when attempting to fetch resource.
console.warn: TopSitesFeed: Failed to fetch data from Contile server: NetworkError when attempting to fetch resource.
